<?xml version="1.0" encoding="UTF-8"?>
<!-- Generated by org.testng.reporters.JUnitXMLReporter -->
<testsuite ignored="0" hostname="DESKTOP-H9LUPLR" failures="0" tests="4" name="Chrome Test" time="6.132" errors="0" timestamp="2025-08-29T16:18:17 IST">
  <testcase classname="Testng.Annotationandpriority" name="OpenApp" time="5.092"/>
  <testcase classname="Testng.Annotationandpriority" name="Login" time="0.687"/>
  <testcase classname="Testng.Annotationandpriority" name="search" time="0.013"/>
  <testcase classname="Testng.Annotationandpriority" name="CloseApp" time="0.222"/>
</testsuite> <!-- Chrome Test -->
