<?xml version="1.0" encoding="UTF-8"?>
<!-- Generated by org.testng.reporters.JUnitXMLReporter -->
<testsuite ignored="0" hostname="DESKTOP-H9LUPLR" failures="0" tests="4" name="Edge Test" time="5.42" errors="0" timestamp="2025-08-29T16:18:22 IST">
  <testcase classname="Testng.Annotationandpriority" name="OpenApp" time="4.624"/>
  <testcase classname="Testng.Annotationandpriority" name="Login" time="0.51"/>
  <testcase classname="Testng.Annotationandpriority" name="search" time="0.009"/>
  <testcase classname="Testng.Annotationandpriority" name="CloseApp" time="0.234"/>
</testsuite> <!-- Edge Test -->
