<?xml version="1.0" encoding="UTF-8"?>
<!-- Generated by org.testng.reporters.JUnitXMLReporter -->
<testsuite ignored="0" hostname="DESKTOP-H9LUPLR" failures="0" tests="4" name="Firefox Test" time="9.447" errors="0" timestamp="2025-08-29T16:17:11 IST">
  <testcase classname="Testng.Annotationandpriority" name="OpenApp" time="6.866"/>
  <testcase classname="Testng.Annotationandpriority" name="Login" time="1.467"/>
  <testcase classname="Testng.Annotationandpriority" name="search" time="0.001"/>
  <testcase classname="Testng.Annotationandpriority" name="CloseApp" time="1.099"/>
</testsuite> <!-- Firefox Test -->
